<?xml version="1.0" encoding="UTF-8"?>
<robot generator="Robot 6.1 (Python 3.11.4 on win32)" generated="20230808 00:21:23.862" rpa="false" schemaversion="4">
<suite id="s1" name="Automation testing" source="C:\Automation testing">
<suite id="s1-s1" name="Test" source="C:\Automation testing\test">
<suite id="s1-s1-s1" name="Test1" source="C:\Automation testing\test\test1.robot">
<test id="s1-s1-s1-t1" name="3 Test" line="31">
<kw name="gk.OpenBrowserGoogleChrome" library="GlobalKeywords">
<kw name="Open Browser" library="SeleniumLibrary">
<arg>https://google.com/</arg>
<arg>${browser}</arg>
<doc>Opens a new browser instance to the optional ``url``.</doc>
<msg timestamp="20230808 00:21:24.071" level="INFO">Opening browser 'chrome' to base url 'https://google.com/'.</msg>
<status status="PASS" starttime="20230808 00:21:24.071" endtime="20230808 00:21:26.212"/>
</kw>
<kw name="Maximize Browser Window" library="SeleniumLibrary">
<doc>Maximizes current browser window.</doc>
<status status="PASS" starttime="20230808 00:21:26.212" endtime="20230808 00:21:26.330"/>
</kw>
<kw name="Input Text" library="SeleniumLibrary">
<arg>xpath:/html/body/div[1]/div[3]/form/div[1]/div[1]/div[1]/div/div[2]/textarea</arg>
<arg>german shepherd</arg>
<doc>Types the given ``text`` into the text field identified by ``locator``.</doc>
<msg timestamp="20230808 00:21:26.330" level="INFO">Typing text 'german shepherd' into text field 'xpath:/html/body/div[1]/div[3]/form/div[1]/div[1]/div[1]/div/div[2]/textarea'.</msg>
<status status="PASS" starttime="20230808 00:21:26.330" endtime="20230808 00:21:26.503"/>
</kw>
<kw name="Press Keys" library="SeleniumLibrary">
<arg>xpath:/html/body/div[1]/div[3]/form/div[1]/div[1]/div[1]/div/div[2]/textarea</arg>
<arg>ENTER</arg>
<doc>Simulates the user pressing key(s) to an element or on the active browser.</doc>
<msg timestamp="20230808 00:21:26.504" level="INFO">Sending key(s) ('ENTER',) to xpath:/html/body/div[1]/div[3]/form/div[1]/div[1]/div[1]/div/div[2]/textarea element.</msg>
<msg timestamp="20230808 00:21:26.795" level="INFO">Pressing special key ENTER to element.</msg>
<msg timestamp="20230808 00:21:26.795" level="INFO">Releasing special key ENTER.</msg>
<status status="PASS" starttime="20230808 00:21:26.503" endtime="20230808 00:21:31.129"/>
</kw>
<kw name="Sleep" library="BuiltIn">
<arg>20s</arg>
<doc>Pauses the test executed for the given time.</doc>
<msg timestamp="20230808 00:21:51.130" level="INFO">Slept 20 seconds</msg>
<status status="PASS" starttime="20230808 00:21:31.129" endtime="20230808 00:21:51.130"/>
</kw>
<kw name="Close Browser" library="SeleniumLibrary">
<doc>Closes the current browser.</doc>
<status status="PASS" starttime="20230808 00:21:51.130" endtime="20230808 00:21:53.343"/>
</kw>
<status status="PASS" starttime="20230808 00:21:24.071" endtime="20230808 00:21:53.343"/>
</kw>
<doc>German Shepherd Click ENTER</doc>
<tag>automation</tag>
<tag>chrome</tag>
<tag>testcase</tag>
<tag>translate</tag>
<tag>yandex</tag>
<status status="PASS" starttime="20230808 00:21:24.063" endtime="20230808 00:21:53.343"/>
</test>
<status status="PASS" starttime="20230808 00:21:23.878" endtime="20230808 00:21:53.343"/>
</suite>
<status status="PASS" starttime="20230808 00:21:23.878" endtime="20230808 00:21:53.343"/>
</suite>
<status status="PASS" starttime="20230808 00:21:23.862" endtime="20230808 00:21:53.343"/>
</suite>
<statistics>
<total>
<stat pass="1" fail="0" skip="0">All Tests</stat>
</total>
<tag>
<stat pass="1" fail="0" skip="0">automation</stat>
<stat pass="1" fail="0" skip="0">chrome</stat>
<stat pass="1" fail="0" skip="0">testcase</stat>
<stat pass="1" fail="0" skip="0">translate</stat>
<stat pass="1" fail="0" skip="0">yandex</stat>
</tag>
<suite>
<stat pass="1" fail="0" skip="0" id="s1" name="Automation testing">Automation testing</stat>
<stat pass="1" fail="0" skip="0" id="s1-s1" name="Test">Automation testing.Test</stat>
<stat pass="1" fail="0" skip="0" id="s1-s1-s1" name="Test1">Automation testing.Test.Test1</stat>
</suite>
</statistics>
<errors>
</errors>
</robot>
