<?xml version="1.0" encoding="UTF-8"?>
<robot generator="Robot 6.1 (Python 3.11.4 on win32)" generated="20230828 22:55:19.905" rpa="false" schemaversion="4">
<suite id="s1" name="Automation testing" source="C:\Automation testing">
<suite id="s1-s1" name="Test" source="C:\Automation testing\test">
<suite id="s1-s1-s1" name="Test6" source="C:\Automation testing\test\test6.robot">
<test id="s1-s1-s1-t1" name="28 Test" line="34">
<kw name="Open Browser" library="SeleniumLibrary">
<arg>https://catalog.onliner.by/</arg>
<arg>${browser}</arg>
<doc>Opens a new browser instance to the optional ``url``.</doc>
<msg timestamp="20230828 22:55:20.145" level="INFO">Opening browser 'chrome' to base url 'https://catalog.onliner.by/'.</msg>
<status status="PASS" starttime="20230828 22:55:20.145" endtime="20230828 22:55:24.504"/>
</kw>
<kw name="Maximize Browser Window" library="SeleniumLibrary">
<doc>Maximizes current browser window.</doc>
<status status="PASS" starttime="20230828 22:55:24.506" endtime="20230828 22:55:24.635"/>
</kw>
<kw name="Click Element" library="SeleniumLibrary">
<arg>//*[@id="container"]/div/div/div/div/div[1]/ul/li[3]/span[2]</arg>
<doc>Click the element identified by ``locator``.</doc>
<msg timestamp="20230828 22:55:24.640" level="INFO">Clicking element '//*[@id="container"]/div/div/div/div/div[1]/ul/li[3]/span[2]'.</msg>
<status status="PASS" starttime="20230828 22:55:24.640" endtime="20230828 22:55:24.856"/>
</kw>
<kw name="Click Element" library="SeleniumLibrary">
<arg>//*[@id="container"]/div/div/div/div/div[1]/div[4]/div/div[2]/div[1]/div/div[1]/div[1]</arg>
<doc>Click the element identified by ``locator``.</doc>
<msg timestamp="20230828 22:55:24.856" level="INFO">Clicking element '//*[@id="container"]/div/div/div/div/div[1]/div[4]/div/div[2]/div[1]/div/div[1]/div[1]'.</msg>
<status status="PASS" starttime="20230828 22:55:24.856" endtime="20230828 22:55:25.038"/>
</kw>
<kw name="Wait Until Element Is Visible" library="SeleniumLibrary">
<arg>//*[@id="container"]/div/div/div/div/div[1]/div[4]/div/div[2]/div[1]/div/div[1]/div[2]/div/a[1]</arg>
<doc>Waits until the element ``locator`` is visible.</doc>
<status status="PASS" starttime="20230828 22:55:25.038" endtime="20230828 22:55:25.120"/>
</kw>
<kw name="Click Element" library="SeleniumLibrary">
<arg>//*[@id="container"]/div/div/div/div/div[1]/div[4]/div/div[2]/div[1]/div/div[1]/div[2]/div/a[1]</arg>
<doc>Click the element identified by ``locator``.</doc>
<msg timestamp="20230828 22:55:25.122" level="INFO">Clicking element '//*[@id="container"]/div/div/div/div/div[1]/div[4]/div/div[2]/div[1]/div/div[1]/div[2]/div/a[1]'.</msg>
<status status="PASS" starttime="20230828 22:55:25.121" endtime="20230828 22:55:27.415"/>
</kw>
<kw name="Wait Until Element Is Visible" library="SeleniumLibrary">
<arg>//*[@id="schema-products"]/div[2]/div/div[3]/div[2]/div[1]</arg>
<doc>Waits until the element ``locator`` is visible.</doc>
<status status="PASS" starttime="20230828 22:55:27.415" endtime="20230828 22:55:29.273"/>
</kw>
<kw name="Create Dictionary" library="BuiltIn">
<var>${firstfive}</var>
<doc>Creates and returns a dictionary based on the given ``items``.</doc>
<msg timestamp="20230828 22:55:29.273" level="INFO">${firstfive} = {}</msg>
<status status="PASS" starttime="20230828 22:55:29.273" endtime="20230828 22:55:29.273"/>
</kw>
<for flavor="IN RANGE">
<var>${list1}</var>
<value>1</value>
<value>6</value>
<iter>
<var name="${list1}">1</var>
<kw name="Get Text" library="SeleniumLibrary">
<var>${phone1}</var>
<arg>//*[@id="schema-products"]/div[2]/div/div[3]/div[2]/div[1]</arg>
<doc>Returns the text value of the element identified by ``locator``.</doc>
<msg timestamp="20230828 22:55:29.324" level="INFO">${phone1} = Смартфон HONOR 90 8GB/256GB международная версия (изумрудный зеленый)</msg>
<status status="PASS" starttime="20230828 22:55:29.273" endtime="20230828 22:55:29.324"/>
</kw>
<kw name="Get Text" library="SeleniumLibrary">
<var>${price1}</var>
<arg>//*[@id="schema-products"]/div[2]/div/div[3]/div[1]/div/div/div/div[1]</arg>
<doc>Returns the text value of the element identified by ``locator``.</doc>
<msg timestamp="20230828 22:55:29.377" level="INFO">${price1} = от 1469,00 р.</msg>
<status status="PASS" starttime="20230828 22:55:29.324" endtime="20230828 22:55:29.377"/>
</kw>
<kw name="Set To Dictionary" library="Collections">
<arg>${firstfive}</arg>
<arg>${phone1}=${price1}(:-3)</arg>
<doc>Adds the given ``key_value_pairs`` and/or ``items`` to the ``dictionary``.</doc>
<status status="PASS" starttime="20230828 22:55:29.377" endtime="20230828 22:55:29.377"/>
</kw>
<status status="PASS" starttime="20230828 22:55:29.273" endtime="20230828 22:55:29.377"/>
</iter>
<iter>
<var name="${list1}">2</var>
<kw name="Get Text" library="SeleniumLibrary">
<var>${phone1}</var>
<arg>//*[@id="schema-products"]/div[2]/div/div[3]/div[2]/div[1]</arg>
<doc>Returns the text value of the element identified by ``locator``.</doc>
<msg timestamp="20230828 22:55:29.435" level="INFO">${phone1} = Смартфон HONOR 90 8GB/256GB международная версия (изумрудный зеленый)</msg>
<status status="PASS" starttime="20230828 22:55:29.377" endtime="20230828 22:55:29.435"/>
</kw>
<kw name="Get Text" library="SeleniumLibrary">
<var>${price1}</var>
<arg>//*[@id="schema-products"]/div[2]/div/div[3]/div[1]/div/div/div/div[1]</arg>
<doc>Returns the text value of the element identified by ``locator``.</doc>
<msg timestamp="20230828 22:55:29.483" level="INFO">${price1} = от 1469,00 р.</msg>
<status status="PASS" starttime="20230828 22:55:29.435" endtime="20230828 22:55:29.483"/>
</kw>
<kw name="Set To Dictionary" library="Collections">
<arg>${firstfive}</arg>
<arg>${phone1}=${price1}(:-3)</arg>
<doc>Adds the given ``key_value_pairs`` and/or ``items`` to the ``dictionary``.</doc>
<status status="PASS" starttime="20230828 22:55:29.483" endtime="20230828 22:55:29.483"/>
</kw>
<status status="PASS" starttime="20230828 22:55:29.377" endtime="20230828 22:55:29.483"/>
</iter>
<iter>
<var name="${list1}">3</var>
<kw name="Get Text" library="SeleniumLibrary">
<var>${phone1}</var>
<arg>//*[@id="schema-products"]/div[2]/div/div[3]/div[2]/div[1]</arg>
<doc>Returns the text value of the element identified by ``locator``.</doc>
<msg timestamp="20230828 22:55:29.535" level="INFO">${phone1} = Смартфон HONOR 90 8GB/256GB международная версия (изумрудный зеленый)</msg>
<status status="PASS" starttime="20230828 22:55:29.485" endtime="20230828 22:55:29.535"/>
</kw>
<kw name="Get Text" library="SeleniumLibrary">
<var>${price1}</var>
<arg>//*[@id="schema-products"]/div[2]/div/div[3]/div[1]/div/div/div/div[1]</arg>
<doc>Returns the text value of the element identified by ``locator``.</doc>
<msg timestamp="20230828 22:55:29.576" level="INFO">${price1} = от 1469,00 р.</msg>
<status status="PASS" starttime="20230828 22:55:29.535" endtime="20230828 22:55:29.576"/>
</kw>
<kw name="Set To Dictionary" library="Collections">
<arg>${firstfive}</arg>
<arg>${phone1}=${price1}(:-3)</arg>
<doc>Adds the given ``key_value_pairs`` and/or ``items`` to the ``dictionary``.</doc>
<status status="PASS" starttime="20230828 22:55:29.576" endtime="20230828 22:55:29.576"/>
</kw>
<status status="PASS" starttime="20230828 22:55:29.483" endtime="20230828 22:55:29.576"/>
</iter>
<iter>
<var name="${list1}">4</var>
<kw name="Get Text" library="SeleniumLibrary">
<var>${phone1}</var>
<arg>//*[@id="schema-products"]/div[2]/div/div[3]/div[2]/div[1]</arg>
<doc>Returns the text value of the element identified by ``locator``.</doc>
<msg timestamp="20230828 22:55:29.635" level="INFO">${phone1} = Смартфон HONOR 90 8GB/256GB международная версия (изумрудный зеленый)</msg>
<status status="PASS" starttime="20230828 22:55:29.585" endtime="20230828 22:55:29.635"/>
</kw>
<kw name="Get Text" library="SeleniumLibrary">
<var>${price1}</var>
<arg>//*[@id="schema-products"]/div[2]/div/div[3]/div[1]/div/div/div/div[1]</arg>
<doc>Returns the text value of the element identified by ``locator``.</doc>
<msg timestamp="20230828 22:55:29.675" level="INFO">${price1} = от 1469,00 р.</msg>
<status status="PASS" starttime="20230828 22:55:29.635" endtime="20230828 22:55:29.675"/>
</kw>
<kw name="Set To Dictionary" library="Collections">
<arg>${firstfive}</arg>
<arg>${phone1}=${price1}(:-3)</arg>
<doc>Adds the given ``key_value_pairs`` and/or ``items`` to the ``dictionary``.</doc>
<status status="PASS" starttime="20230828 22:55:29.675" endtime="20230828 22:55:29.675"/>
</kw>
<status status="PASS" starttime="20230828 22:55:29.585" endtime="20230828 22:55:29.675"/>
</iter>
<iter>
<var name="${list1}">5</var>
<kw name="Get Text" library="SeleniumLibrary">
<var>${phone1}</var>
<arg>//*[@id="schema-products"]/div[2]/div/div[3]/div[2]/div[1]</arg>
<doc>Returns the text value of the element identified by ``locator``.</doc>
<msg timestamp="20230828 22:55:29.726" level="INFO">${phone1} = Смартфон HONOR 90 8GB/256GB международная версия (изумрудный зеленый)</msg>
<status status="PASS" starttime="20230828 22:55:29.675" endtime="20230828 22:55:29.726"/>
</kw>
<kw name="Get Text" library="SeleniumLibrary">
<var>${price1}</var>
<arg>//*[@id="schema-products"]/div[2]/div/div[3]/div[1]/div/div/div/div[1]</arg>
<doc>Returns the text value of the element identified by ``locator``.</doc>
<msg timestamp="20230828 22:55:29.768" level="INFO">${price1} = от 1469,00 р.</msg>
<status status="PASS" starttime="20230828 22:55:29.726" endtime="20230828 22:55:29.768"/>
</kw>
<kw name="Set To Dictionary" library="Collections">
<arg>${firstfive}</arg>
<arg>${phone1}=${price1}(:-3)</arg>
<doc>Adds the given ``key_value_pairs`` and/or ``items`` to the ``dictionary``.</doc>
<status status="PASS" starttime="20230828 22:55:29.768" endtime="20230828 22:55:29.768"/>
</kw>
<status status="PASS" starttime="20230828 22:55:29.675" endtime="20230828 22:55:29.768"/>
</iter>
<status status="PASS" starttime="20230828 22:55:29.273" endtime="20230828 22:55:29.768"/>
</for>
<kw name="Split String To Characters" library="String">
<var>${price1}</var>
<arg>${price1}</arg>
<doc>Splits the given ``string`` to characters.</doc>
<msg timestamp="20230828 22:55:29.768" level="INFO">${price1} = ['о', 'т', ' ', '1', '4', '6', '9', ',', '0', '0', ' ', 'р', '.']</msg>
<status status="PASS" starttime="20230828 22:55:29.768" endtime="20230828 22:55:29.768"/>
</kw>
<kw name="Convert To String" library="BuiltIn">
<arg>${price1}(:-3)</arg>
<doc>Converts the given item to a Unicode string.</doc>
<status status="PASS" starttime="20230828 22:55:29.768" endtime="20230828 22:55:29.768"/>
</kw>
<kw name="Create Dictionary" library="BuiltIn">
<var>${secondfive}</var>
<doc>Creates and returns a dictionary based on the given ``items``.</doc>
<msg timestamp="20230828 22:55:29.768" level="INFO">${secondfive} = {}</msg>
<status status="PASS" starttime="20230828 22:55:29.768" endtime="20230828 22:55:29.768"/>
</kw>
<for flavor="IN RANGE">
<var>${list2}</var>
<value>6</value>
<value>11</value>
<iter>
<var name="${list2}">6</var>
<kw name="Get Text" library="SeleniumLibrary">
<var>${phone2}</var>
<arg>//*[@id="schema-products"]/div[2]/div/div[3]/div[2]/div[1]</arg>
<doc>Returns the text value of the element identified by ``locator``.</doc>
<msg timestamp="20230828 22:55:29.818" level="INFO">${phone2} = Смартфон HONOR 90 8GB/256GB международная версия (изумрудный зеленый)</msg>
<status status="PASS" starttime="20230828 22:55:29.768" endtime="20230828 22:55:29.818"/>
</kw>
<kw name="Get Text" library="SeleniumLibrary">
<var>${price2}</var>
<arg>//*[@id="schema-products"]/div[2]/div/div[3]/div[1]/div/div/div/div[1]</arg>
<doc>Returns the text value of the element identified by ``locator``.</doc>
<msg timestamp="20230828 22:55:29.855" level="INFO">${price2} = от 1469,00 р.</msg>
<status status="PASS" starttime="20230828 22:55:29.818" endtime="20230828 22:55:29.855"/>
</kw>
<kw name="Set To Dictionary" library="Collections">
<arg>${secondfive}</arg>
<arg>${phone2}=${price2}(:-3)</arg>
<doc>Adds the given ``key_value_pairs`` and/or ``items`` to the ``dictionary``.</doc>
<status status="PASS" starttime="20230828 22:55:29.855" endtime="20230828 22:55:29.855"/>
</kw>
<status status="PASS" starttime="20230828 22:55:29.768" endtime="20230828 22:55:29.855"/>
</iter>
<iter>
<var name="${list2}">7</var>
<kw name="Get Text" library="SeleniumLibrary">
<var>${phone2}</var>
<arg>//*[@id="schema-products"]/div[2]/div/div[3]/div[2]/div[1]</arg>
<doc>Returns the text value of the element identified by ``locator``.</doc>
<msg timestamp="20230828 22:55:29.902" level="INFO">${phone2} = Смартфон HONOR 90 8GB/256GB международная версия (изумрудный зеленый)</msg>
<status status="PASS" starttime="20230828 22:55:29.855" endtime="20230828 22:55:29.902"/>
</kw>
<kw name="Get Text" library="SeleniumLibrary">
<var>${price2}</var>
<arg>//*[@id="schema-products"]/div[2]/div/div[3]/div[1]/div/div/div/div[1]</arg>
<doc>Returns the text value of the element identified by ``locator``.</doc>
<msg timestamp="20230828 22:55:29.986" level="INFO">${price2} = от 1469,00 р.</msg>
<status status="PASS" starttime="20230828 22:55:29.902" endtime="20230828 22:55:29.986"/>
</kw>
<kw name="Set To Dictionary" library="Collections">
<arg>${secondfive}</arg>
<arg>${phone2}=${price2}(:-3)</arg>
<doc>Adds the given ``key_value_pairs`` and/or ``items`` to the ``dictionary``.</doc>
<status status="PASS" starttime="20230828 22:55:29.986" endtime="20230828 22:55:29.986"/>
</kw>
<status status="PASS" starttime="20230828 22:55:29.855" endtime="20230828 22:55:29.986"/>
</iter>
<iter>
<var name="${list2}">8</var>
<kw name="Get Text" library="SeleniumLibrary">
<var>${phone2}</var>
<arg>//*[@id="schema-products"]/div[2]/div/div[3]/div[2]/div[1]</arg>
<doc>Returns the text value of the element identified by ``locator``.</doc>
<msg timestamp="20230828 22:55:30.042" level="INFO">${phone2} = Смартфон HONOR 90 8GB/256GB международная версия (изумрудный зеленый)</msg>
<status status="PASS" starttime="20230828 22:55:29.986" endtime="20230828 22:55:30.042"/>
</kw>
<kw name="Get Text" library="SeleniumLibrary">
<var>${price2}</var>
<arg>//*[@id="schema-products"]/div[2]/div/div[3]/div[1]/div/div/div/div[1]</arg>
<doc>Returns the text value of the element identified by ``locator``.</doc>
<msg timestamp="20230828 22:55:30.082" level="INFO">${price2} = от 1469,00 р.</msg>
<status status="PASS" starttime="20230828 22:55:30.042" endtime="20230828 22:55:30.082"/>
</kw>
<kw name="Set To Dictionary" library="Collections">
<arg>${secondfive}</arg>
<arg>${phone2}=${price2}(:-3)</arg>
<doc>Adds the given ``key_value_pairs`` and/or ``items`` to the ``dictionary``.</doc>
<status status="PASS" starttime="20230828 22:55:30.082" endtime="20230828 22:55:30.085"/>
</kw>
<status status="PASS" starttime="20230828 22:55:29.986" endtime="20230828 22:55:30.085"/>
</iter>
<iter>
<var name="${list2}">9</var>
<kw name="Get Text" library="SeleniumLibrary">
<var>${phone2}</var>
<arg>//*[@id="schema-products"]/div[2]/div/div[3]/div[2]/div[1]</arg>
<doc>Returns the text value of the element identified by ``locator``.</doc>
<msg timestamp="20230828 22:55:30.122" level="INFO">${phone2} = Смартфон HONOR 90 8GB/256GB международная версия (изумрудный зеленый)</msg>
<status status="PASS" starttime="20230828 22:55:30.085" endtime="20230828 22:55:30.122"/>
</kw>
<kw name="Get Text" library="SeleniumLibrary">
<var>${price2}</var>
<arg>//*[@id="schema-products"]/div[2]/div/div[3]/div[1]/div/div/div/div[1]</arg>
<doc>Returns the text value of the element identified by ``locator``.</doc>
<msg timestamp="20230828 22:55:30.155" level="INFO">${price2} = от 1469,00 р.</msg>
<status status="PASS" starttime="20230828 22:55:30.122" endtime="20230828 22:55:30.155"/>
</kw>
<kw name="Set To Dictionary" library="Collections">
<arg>${secondfive}</arg>
<arg>${phone2}=${price2}(:-3)</arg>
<doc>Adds the given ``key_value_pairs`` and/or ``items`` to the ``dictionary``.</doc>
<status status="PASS" starttime="20230828 22:55:30.155" endtime="20230828 22:55:30.155"/>
</kw>
<status status="PASS" starttime="20230828 22:55:30.085" endtime="20230828 22:55:30.155"/>
</iter>
<iter>
<var name="${list2}">10</var>
<kw name="Get Text" library="SeleniumLibrary">
<var>${phone2}</var>
<arg>//*[@id="schema-products"]/div[2]/div/div[3]/div[2]/div[1]</arg>
<doc>Returns the text value of the element identified by ``locator``.</doc>
<msg timestamp="20230828 22:55:30.200" level="INFO">${phone2} = Смартфон HONOR 90 8GB/256GB международная версия (изумрудный зеленый)</msg>
<status status="PASS" starttime="20230828 22:55:30.162" endtime="20230828 22:55:30.200"/>
</kw>
<kw name="Get Text" library="SeleniumLibrary">
<var>${price2}</var>
<arg>//*[@id="schema-products"]/div[2]/div/div[3]/div[1]/div/div/div/div[1]</arg>
<doc>Returns the text value of the element identified by ``locator``.</doc>
<msg timestamp="20230828 22:55:30.235" level="INFO">${price2} = от 1469,00 р.</msg>
<status status="PASS" starttime="20230828 22:55:30.200" endtime="20230828 22:55:30.235"/>
</kw>
<kw name="Set To Dictionary" library="Collections">
<arg>${secondfive}</arg>
<arg>${phone2}=${price2}(:-3)</arg>
<doc>Adds the given ``key_value_pairs`` and/or ``items`` to the ``dictionary``.</doc>
<status status="PASS" starttime="20230828 22:55:30.235" endtime="20230828 22:55:30.235"/>
</kw>
<status status="PASS" starttime="20230828 22:55:30.155" endtime="20230828 22:55:30.235"/>
</iter>
<status status="PASS" starttime="20230828 22:55:29.768" endtime="20230828 22:55:30.235"/>
</for>
<kw name="Split String To Characters" library="String">
<var>${price2}</var>
<arg>${price2}</arg>
<doc>Splits the given ``string`` to characters.</doc>
<msg timestamp="20230828 22:55:30.235" level="INFO">${price2} = ['о', 'т', ' ', '1', '4', '6', '9', ',', '0', '0', ' ', 'р', '.']</msg>
<status status="PASS" starttime="20230828 22:55:30.235" endtime="20230828 22:55:30.235"/>
</kw>
<kw name="Convert To String" library="BuiltIn">
<arg>${price2}(:-3)</arg>
<doc>Converts the given item to a Unicode string.</doc>
<status status="PASS" starttime="20230828 22:55:30.235" endtime="20230828 22:55:30.235"/>
</kw>
<kw name="Log" library="BuiltIn">
<arg>${price1}</arg>
<doc>Logs the given message with the given level.</doc>
<msg timestamp="20230828 22:55:30.235" level="INFO">['о', 'т', ' ', '1', '4', '6', '9', ',', '0', '0', ' ', 'р', '.']</msg>
<status status="PASS" starttime="20230828 22:55:30.235" endtime="20230828 22:55:30.235"/>
</kw>
<doc>Onliner</doc>
<tag>google</tag>
<tag>onliner</tag>
<tag>smartphone</tag>
<status status="PASS" starttime="20230828 22:55:20.145" endtime="20230828 22:55:30.245"/>
</test>
<status status="PASS" starttime="20230828 22:55:19.925" endtime="20230828 22:55:30.245"/>
</suite>
<status status="PASS" starttime="20230828 22:55:19.925" endtime="20230828 22:55:30.245"/>
</suite>
<status status="PASS" starttime="20230828 22:55:19.905" endtime="20230828 22:55:30.245"/>
</suite>
<statistics>
<total>
<stat pass="1" fail="0" skip="0">All Tests</stat>
</total>
<tag>
<stat pass="1" fail="0" skip="0">google</stat>
<stat pass="1" fail="0" skip="0">onliner</stat>
<stat pass="1" fail="0" skip="0">smartphone</stat>
</tag>
<suite>
<stat pass="1" fail="0" skip="0" id="s1" name="Automation testing">Automation testing</stat>
<stat pass="1" fail="0" skip="0" id="s1-s1" name="Test">Automation testing.Test</stat>
<stat pass="1" fail="0" skip="0" id="s1-s1-s1" name="Test6">Automation testing.Test.Test6</stat>
</suite>
</statistics>
<errors>
</errors>
</robot>
