<?xml version="1.0" encoding="UTF-8"?>
<robot generator="Robot 6.1 (Python 3.11.4 on win32)" generated="20230703 18:45:56.068" rpa="false" schemaversion="4">
<suite id="s1" name="Automation testing" source="C:\Automation testing">
<suite id="s1-s1" name="Test" source="C:\Automation testing\test">
<suite id="s1-s1-s1" name="Test1" source="C:\Automation testing\test\test1.robot">
<test id="s1-s1-s1-t1" name="4 Test" line="50">
<kw name="Open Browser" library="SeleniumLibrary">
<arg>https://www.kortext.com/</arg>
<arg>${browser}</arg>
<doc>Opens a new browser instance to the optional ``url``.</doc>
<msg timestamp="20230703 18:45:56.284" level="INFO">Opening browser 'chrome' to base url 'https://www.kortext.com/'.</msg>
<status status="PASS" starttime="20230703 18:45:56.284" endtime="20230703 18:46:00.783"/>
</kw>
<kw name="Click Link" library="SeleniumLibrary">
<arg>xpath:/html/body/div[1]/div[1]/div[1]/nav/div/div[2]/ul/li[3]/a</arg>
<doc>Clicks a link identified by ``locator``.</doc>
<msg timestamp="20230703 18:46:00.784" level="INFO">Clicking link 'xpath:/html/body/div[1]/div[1]/div[1]/nav/div/div[2]/ul/li[3]/a'.</msg>
<status status="PASS" starttime="20230703 18:46:00.784" endtime="20230703 18:46:01.973"/>
</kw>
<kw name="Execute Javascript" library="SeleniumLibrary">
<arg>history.back()</arg>
<doc>Executes the given JavaScript code with possible arguments.</doc>
<msg timestamp="20230703 18:46:01.974" level="INFO">Executing JavaScript:
history.back()
Without any arguments.</msg>
<status status="PASS" starttime="20230703 18:46:01.973" endtime="20230703 18:46:02.011"/>
</kw>
<kw name="Sleep" library="BuiltIn">
<arg>20s</arg>
<doc>Pauses the test executed for the given time.</doc>
<msg timestamp="20230703 18:46:22.012" level="INFO">Slept 20 seconds</msg>
<status status="PASS" starttime="20230703 18:46:02.012" endtime="20230703 18:46:22.012"/>
</kw>
<kw name="Close Browser" library="SeleniumLibrary">
<doc>Closes the current browser.</doc>
<status status="PASS" starttime="20230703 18:46:22.014" endtime="20230703 18:46:24.174"/>
</kw>
<doc>Kortext Click Back</doc>
<status status="PASS" starttime="20230703 18:45:56.284" endtime="20230703 18:46:24.174"/>
</test>
<test id="s1-s1-s1-t2" name="5 Test" line="60">
<status status="FAIL" starttime="20230703 18:46:24.174" endtime="20230703 18:46:24.174">Test cannot be empty.</status>
</test>
<status status="FAIL" starttime="20230703 18:45:56.084" endtime="20230703 18:46:24.174"/>
</suite>
<status status="FAIL" starttime="20230703 18:45:56.084" endtime="20230703 18:46:24.174"/>
</suite>
<status status="FAIL" starttime="20230703 18:45:56.068" endtime="20230703 18:46:24.189"/>
</suite>
<statistics>
<total>
<stat pass="1" fail="1" skip="0">All Tests</stat>
</total>
<tag>
</tag>
<suite>
<stat pass="1" fail="1" skip="0" id="s1" name="Automation testing">Automation testing</stat>
<stat pass="1" fail="1" skip="0" id="s1-s1" name="Test">Automation testing.Test</stat>
<stat pass="1" fail="1" skip="0" id="s1-s1-s1" name="Test1">Automation testing.Test.Test1</stat>
</suite>
</statistics>
<errors>
</errors>
</robot>
