<?xml version="1.0" encoding="UTF-8"?>
<robot generator="Robot 6.1 (Python 3.11.4 on win32)" generated="20230717 15:05:37.673" rpa="false" schemaversion="4">
<suite id="s1" name="Test4" source="C:\Automation testing\test\test4.robot">
<test id="s1-t1" name="15 Test" line="16">
<for flavor="IN">
<var>${item}</var>
<value>@{fruits}</value>
<iter>
<var name="${item}">Apple</var>
<kw name="Log To Console" library="BuiltIn">
<arg>${item}</arg>
<doc>Logs the given message to the console.</doc>
<status status="PASS" starttime="20230717 15:05:37.912" endtime="20230717 15:05:37.912"/>
</kw>
<status status="PASS" starttime="20230717 15:05:37.912" endtime="20230717 15:05:37.912"/>
</iter>
<iter>
<var name="${item}">Banana</var>
<kw name="Log To Console" library="BuiltIn">
<arg>${item}</arg>
<doc>Logs the given message to the console.</doc>
<status status="PASS" starttime="20230717 15:05:37.912" endtime="20230717 15:05:37.912"/>
</kw>
<status status="PASS" starttime="20230717 15:05:37.912" endtime="20230717 15:05:37.912"/>
</iter>
<iter>
<var name="${item}">Orange</var>
<kw name="Log To Console" library="BuiltIn">
<arg>${item}</arg>
<doc>Logs the given message to the console.</doc>
<status status="PASS" starttime="20230717 15:05:37.912" endtime="20230717 15:05:37.912"/>
</kw>
<status status="PASS" starttime="20230717 15:05:37.912" endtime="20230717 15:05:37.912"/>
</iter>
<iter>
<var name="${item}">Pineapple</var>
<kw name="Log To Console" library="BuiltIn">
<arg>${item}</arg>
<doc>Logs the given message to the console.</doc>
<status status="PASS" starttime="20230717 15:05:37.912" endtime="20230717 15:05:37.912"/>
</kw>
<status status="PASS" starttime="20230717 15:05:37.912" endtime="20230717 15:05:37.912"/>
</iter>
<iter>
<var name="${item}">Kiwi</var>
<kw name="Log To Console" library="BuiltIn">
<arg>${item}</arg>
<doc>Logs the given message to the console.</doc>
<status status="PASS" starttime="20230717 15:05:37.912" endtime="20230717 15:05:37.912"/>
</kw>
<status status="PASS" starttime="20230717 15:05:37.912" endtime="20230717 15:05:37.912"/>
</iter>
<iter>
<var name="${item}">Mango</var>
<kw name="Log To Console" library="BuiltIn">
<arg>${item}</arg>
<doc>Logs the given message to the console.</doc>
<status status="PASS" starttime="20230717 15:05:37.923" endtime="20230717 15:05:37.923"/>
</kw>
<status status="PASS" starttime="20230717 15:05:37.923" endtime="20230717 15:05:37.923"/>
</iter>
<iter>
<var name="${item}">Peach</var>
<kw name="Log To Console" library="BuiltIn">
<arg>${item}</arg>
<doc>Logs the given message to the console.</doc>
<status status="PASS" starttime="20230717 15:05:37.923" endtime="20230717 15:05:37.923"/>
</kw>
<status status="PASS" starttime="20230717 15:05:37.923" endtime="20230717 15:05:37.923"/>
</iter>
<iter>
<var name="${item}">Grapes</var>
<kw name="Log To Console" library="BuiltIn">
<arg>${item}</arg>
<doc>Logs the given message to the console.</doc>
<status status="PASS" starttime="20230717 15:05:37.923" endtime="20230717 15:05:37.923"/>
</kw>
<status status="PASS" starttime="20230717 15:05:37.923" endtime="20230717 15:05:37.923"/>
</iter>
<iter>
<var name="${item}">Raspberry</var>
<kw name="Log To Console" library="BuiltIn">
<arg>${item}</arg>
<doc>Logs the given message to the console.</doc>
<status status="PASS" starttime="20230717 15:05:37.923" endtime="20230717 15:05:37.923"/>
</kw>
<status status="PASS" starttime="20230717 15:05:37.923" endtime="20230717 15:05:37.923"/>
</iter>
<iter>
<var name="${item}">Papaya</var>
<kw name="Log To Console" library="BuiltIn">
<arg>${item}</arg>
<doc>Logs the given message to the console.</doc>
<status status="PASS" starttime="20230717 15:05:37.923" endtime="20230717 15:05:37.923"/>
</kw>
<status status="PASS" starttime="20230717 15:05:37.923" endtime="20230717 15:05:37.923"/>
</iter>
<iter>
<var name="${item}">Apricot</var>
<kw name="Log To Console" library="BuiltIn">
<arg>${item}</arg>
<doc>Logs the given message to the console.</doc>
<status status="PASS" starttime="20230717 15:05:37.923" endtime="20230717 15:05:37.923"/>
</kw>
<status status="PASS" starttime="20230717 15:05:37.923" endtime="20230717 15:05:37.923"/>
</iter>
<iter>
<var name="${item}">Fig</var>
<kw name="Log To Console" library="BuiltIn">
<arg>${item}</arg>
<doc>Logs the given message to the console.</doc>
<status status="PASS" starttime="20230717 15:05:37.923" endtime="20230717 15:05:37.923"/>
</kw>
<status status="PASS" starttime="20230717 15:05:37.923" endtime="20230717 15:05:37.923"/>
</iter>
<status status="PASS" starttime="20230717 15:05:37.912" endtime="20230717 15:05:37.923"/>
</for>
<status status="PASS" starttime="20230717 15:05:37.912" endtime="20230717 15:05:37.923"/>
</test>
<test id="s1-t2" name="16 Test" line="21">
<for flavor="IN RANGE">
<var>${item}</var>
<value>0</value>
<value>10</value>
<iter>
<var name="${item}">0</var>
<kw name="Log To Console" library="BuiltIn">
<arg>${fruits}[${item}]</arg>
<doc>Logs the given message to the console.</doc>
<status status="PASS" starttime="20230717 15:05:37.923" endtime="20230717 15:05:37.923"/>
</kw>
<status status="PASS" starttime="20230717 15:05:37.923" endtime="20230717 15:05:37.923"/>
</iter>
<iter>
<var name="${item}">1</var>
<kw name="Log To Console" library="BuiltIn">
<arg>${fruits}[${item}]</arg>
<doc>Logs the given message to the console.</doc>
<status status="PASS" starttime="20230717 15:05:37.923" endtime="20230717 15:05:37.923"/>
</kw>
<status status="PASS" starttime="20230717 15:05:37.923" endtime="20230717 15:05:37.923"/>
</iter>
<iter>
<var name="${item}">2</var>
<kw name="Log To Console" library="BuiltIn">
<arg>${fruits}[${item}]</arg>
<doc>Logs the given message to the console.</doc>
<status status="PASS" starttime="20230717 15:05:37.923" endtime="20230717 15:05:37.923"/>
</kw>
<status status="PASS" starttime="20230717 15:05:37.923" endtime="20230717 15:05:37.930"/>
</iter>
<iter>
<var name="${item}">3</var>
<kw name="Log To Console" library="BuiltIn">
<arg>${fruits}[${item}]</arg>
<doc>Logs the given message to the console.</doc>
<status status="PASS" starttime="20230717 15:05:37.930" endtime="20230717 15:05:37.930"/>
</kw>
<status status="PASS" starttime="20230717 15:05:37.930" endtime="20230717 15:05:37.930"/>
</iter>
<iter>
<var name="${item}">4</var>
<kw name="Log To Console" library="BuiltIn">
<arg>${fruits}[${item}]</arg>
<doc>Logs the given message to the console.</doc>
<status status="PASS" starttime="20230717 15:05:37.930" endtime="20230717 15:05:37.930"/>
</kw>
<status status="PASS" starttime="20230717 15:05:37.930" endtime="20230717 15:05:37.930"/>
</iter>
<iter>
<var name="${item}">5</var>
<kw name="Log To Console" library="BuiltIn">
<arg>${fruits}[${item}]</arg>
<doc>Logs the given message to the console.</doc>
<status status="PASS" starttime="20230717 15:05:37.930" endtime="20230717 15:05:37.930"/>
</kw>
<status status="PASS" starttime="20230717 15:05:37.930" endtime="20230717 15:05:37.930"/>
</iter>
<iter>
<var name="${item}">6</var>
<kw name="Log To Console" library="BuiltIn">
<arg>${fruits}[${item}]</arg>
<doc>Logs the given message to the console.</doc>
<status status="PASS" starttime="20230717 15:05:37.930" endtime="20230717 15:05:37.930"/>
</kw>
<status status="PASS" starttime="20230717 15:05:37.930" endtime="20230717 15:05:37.930"/>
</iter>
<iter>
<var name="${item}">7</var>
<kw name="Log To Console" library="BuiltIn">
<arg>${fruits}[${item}]</arg>
<doc>Logs the given message to the console.</doc>
<status status="PASS" starttime="20230717 15:05:37.930" endtime="20230717 15:05:37.933"/>
</kw>
<status status="PASS" starttime="20230717 15:05:37.930" endtime="20230717 15:05:37.933"/>
</iter>
<iter>
<var name="${item}">8</var>
<kw name="Log To Console" library="BuiltIn">
<arg>${fruits}[${item}]</arg>
<doc>Logs the given message to the console.</doc>
<status status="PASS" starttime="20230717 15:05:37.933" endtime="20230717 15:05:37.933"/>
</kw>
<status status="PASS" starttime="20230717 15:05:37.933" endtime="20230717 15:05:37.933"/>
</iter>
<iter>
<var name="${item}">9</var>
<kw name="Log To Console" library="BuiltIn">
<arg>${fruits}[${item}]</arg>
<doc>Logs the given message to the console.</doc>
<status status="PASS" starttime="20230717 15:05:37.933" endtime="20230717 15:05:37.933"/>
</kw>
<status status="PASS" starttime="20230717 15:05:37.933" endtime="20230717 15:05:37.933"/>
</iter>
<status status="PASS" starttime="20230717 15:05:37.923" endtime="20230717 15:05:37.933"/>
</for>
<status status="PASS" starttime="20230717 15:05:37.923" endtime="20230717 15:05:37.933"/>
</test>
<test id="s1-t3" name="17 Test" line="26">
<for flavor="IN ENUMERATE">
<var>${index}</var>
<var>${item}</var>
<value>@{fruits}</value>
<iter>
<var name="${index}">0</var>
<var name="${item}">Apple</var>
<kw name="Log To Console" library="BuiltIn">
<arg>${item}</arg>
<doc>Logs the given message to the console.</doc>
<status status="PASS" starttime="20230717 15:05:37.933" endtime="20230717 15:05:37.933"/>
</kw>
<status status="PASS" starttime="20230717 15:05:37.933" endtime="20230717 15:05:37.933"/>
</iter>
<iter>
<var name="${index}">1</var>
<var name="${item}">Banana</var>
<kw name="Log To Console" library="BuiltIn">
<arg>${item}</arg>
<doc>Logs the given message to the console.</doc>
<status status="PASS" starttime="20230717 15:05:37.933" endtime="20230717 15:05:37.933"/>
</kw>
<status status="PASS" starttime="20230717 15:05:37.933" endtime="20230717 15:05:37.933"/>
</iter>
<iter>
<var name="${index}">2</var>
<var name="${item}">Orange</var>
<kw name="Log To Console" library="BuiltIn">
<arg>${item}</arg>
<doc>Logs the given message to the console.</doc>
<status status="PASS" starttime="20230717 15:05:37.933" endtime="20230717 15:05:37.933"/>
</kw>
<status status="PASS" starttime="20230717 15:05:37.933" endtime="20230717 15:05:37.933"/>
</iter>
<iter>
<var name="${index}">3</var>
<var name="${item}">Pineapple</var>
<kw name="Log To Console" library="BuiltIn">
<arg>${item}</arg>
<doc>Logs the given message to the console.</doc>
<status status="PASS" starttime="20230717 15:05:37.933" endtime="20230717 15:05:37.933"/>
</kw>
<status status="PASS" starttime="20230717 15:05:37.933" endtime="20230717 15:05:37.933"/>
</iter>
<iter>
<var name="${index}">4</var>
<var name="${item}">Kiwi</var>
<kw name="Log To Console" library="BuiltIn">
<arg>${item}</arg>
<doc>Logs the given message to the console.</doc>
<status status="PASS" starttime="20230717 15:05:37.933" endtime="20230717 15:05:37.933"/>
</kw>
<status status="PASS" starttime="20230717 15:05:37.933" endtime="20230717 15:05:37.933"/>
</iter>
<iter>
<var name="${index}">5</var>
<var name="${item}">Mango</var>
<kw name="Log To Console" library="BuiltIn">
<arg>${item}</arg>
<doc>Logs the given message to the console.</doc>
<status status="PASS" starttime="20230717 15:05:37.933" endtime="20230717 15:05:37.937"/>
</kw>
<status status="PASS" starttime="20230717 15:05:37.933" endtime="20230717 15:05:37.937"/>
</iter>
<iter>
<var name="${index}">6</var>
<var name="${item}">Peach</var>
<kw name="Log To Console" library="BuiltIn">
<arg>${item}</arg>
<doc>Logs the given message to the console.</doc>
<status status="PASS" starttime="20230717 15:05:37.937" endtime="20230717 15:05:37.937"/>
</kw>
<status status="PASS" starttime="20230717 15:05:37.937" endtime="20230717 15:05:37.937"/>
</iter>
<iter>
<var name="${index}">7</var>
<var name="${item}">Grapes</var>
<kw name="Log To Console" library="BuiltIn">
<arg>${item}</arg>
<doc>Logs the given message to the console.</doc>
<status status="PASS" starttime="20230717 15:05:37.937" endtime="20230717 15:05:37.937"/>
</kw>
<status status="PASS" starttime="20230717 15:05:37.937" endtime="20230717 15:05:37.937"/>
</iter>
<iter>
<var name="${index}">8</var>
<var name="${item}">Raspberry</var>
<kw name="Log To Console" library="BuiltIn">
<arg>${item}</arg>
<doc>Logs the given message to the console.</doc>
<status status="PASS" starttime="20230717 15:05:37.937" endtime="20230717 15:05:37.939"/>
</kw>
<status status="PASS" starttime="20230717 15:05:37.937" endtime="20230717 15:05:37.939"/>
</iter>
<iter>
<var name="${index}">9</var>
<var name="${item}">Papaya</var>
<kw name="Log To Console" library="BuiltIn">
<arg>${item}</arg>
<doc>Logs the given message to the console.</doc>
<status status="PASS" starttime="20230717 15:05:37.939" endtime="20230717 15:05:37.940"/>
</kw>
<status status="PASS" starttime="20230717 15:05:37.939" endtime="20230717 15:05:37.940"/>
</iter>
<iter>
<var name="${index}">10</var>
<var name="${item}">Apricot</var>
<kw name="Log To Console" library="BuiltIn">
<arg>${item}</arg>
<doc>Logs the given message to the console.</doc>
<status status="PASS" starttime="20230717 15:05:37.940" endtime="20230717 15:05:37.940"/>
</kw>
<status status="PASS" starttime="20230717 15:05:37.940" endtime="20230717 15:05:37.940"/>
</iter>
<iter>
<var name="${index}">11</var>
<var name="${item}">Fig</var>
<kw name="Log To Console" library="BuiltIn">
<arg>${item}</arg>
<doc>Logs the given message to the console.</doc>
<status status="PASS" starttime="20230717 15:05:37.940" endtime="20230717 15:05:37.940"/>
</kw>
<status status="PASS" starttime="20230717 15:05:37.940" endtime="20230717 15:05:37.940"/>
</iter>
<status status="PASS" starttime="20230717 15:05:37.933" endtime="20230717 15:05:37.940"/>
</for>
<status status="PASS" starttime="20230717 15:05:37.933" endtime="20230717 15:05:37.940"/>
</test>
<status status="PASS" starttime="20230717 15:05:37.675" endtime="20230717 15:05:37.940"/>
</suite>
<statistics>
<total>
<stat pass="3" fail="0" skip="0">All Tests</stat>
</total>
<tag>
</tag>
<suite>
<stat pass="3" fail="0" skip="0" id="s1" name="Test4">Test4</stat>
</suite>
</statistics>
<errors>
</errors>
</robot>
